All servers: 1088
Successful: 4862
Failed: 575
===== Countries =====
Germany: 888
United States: 827
France: 611
Sweden: 336
Ireland: 267
Finland: 265
Lithuania: 237
United Kingdom: 230
Japan: 171
United Arab Emirates: 158
Iran: 105
The Netherlands: 93
Poland: 76
Moldova: 72
Russia: 57
Singapore: 53
Cyprus: 47
South Korea: 37
Spain: 36
Gibraltar: 35
Ukraine: 31
Canada: 28
Seychelles: 27
Hong Kong: 24
Serbia: 18
Indonesia: 16
Austria: 15
China: 15
Vietnam: 14
Armenia: 13
Switzerland: 12
Estonia: 9
Bolivia: 9
Slovenia: 8
Australia: 6
Philippines: 5
Chile: 4
Türkiye: 3
South Africa: 3
Bosnia and Herzegovina: 1
Failed: 0
