=== Server Type Summary New ===
VMESS        Servers: 8
VLESS        Servers: 24
SS           Servers: 9
TROJAN       Servers: 6
TUIC         Servers: 0

=== Server Type Summary All ===
VMESS        Servers: 267
VLESS        Servers: 753
SS           Servers: 309
TROJAN       Servers: 132
TUIC         Servers: 0

=== Extraction Summary New ===
Total Extracted Servers: 47
Successful Channels:     11
Failed Channels:         0

=== Extraction Summary All ===
Total Extracted Servers: 91
Successful Channels:     22
Failed Channels:         0

=== Channel Statistics ================== 
Telegram Channels Names============Total Servers === New Servers === Successful === Failed 
https://t.me/s/v2ray_free_conf     :      16     ===      16     ===     1    ===   0   
https://t.me/s/FarahVPN            :      12     ===      12     ===     1    ===   0   
https://t.me/s/ConfigsHUB2         :      8      ===      8      ===     1    ===   0   
https://t.me/s/vmesc               :      5      ===      5      ===     1    ===   0   
https://t.me/s/vmess_ir            :      5      ===      5      ===     1    ===   0   
https://t.me/s/V2aryng_vpn         :      1      ===      1      ===     1    ===   0   
https://t.me/s/Hope_Net            :      0      ===      0      ===     1    ===   0   
https://t.me/s/V2ra_ng_iran        :      0      ===      0      ===     1    ===   0   
https://t.me/s/kingofilter         :      0      ===      0      ===     1    ===   0   
https://t.me/s/v2rayngri           :      0      ===      0      ===     1    ===   0   
https://t.me/s/vmesskhodam         :      0      ===      0      ===     1    ===   0   
