=== Country Statistics ===
Total Servers: 12524
Successful Geo-IP Resolutions: 5312
Failed Geo-IP Resolutions: 7212
Unknown              : 1000
United States        : 683
Germany              : 579
The Netherlands      : 385
Lithuania            : 362
France               : 361
Sweden               : 286
United Kingdom       : 243
Finland              : 178
Iran                 : 155
Czechia              : 93
Ireland              : 86
South Korea          : 80
Türkiye              : 73
Hong Kong            : 65
Singapore            : 63
Poland               : 63
Russia               : 59
Spain                : 52
Switzerland          : 51
United Arab Emirates : 49
Japan                : 47
Cyprus               : 29
Canada               : 25
Brazil               : 20
Seychelles           : 17
Austria              : 16
Moldova              : 14
Taiwan               : 12
Italy                : 12
Vietnam              : 11
Romania              : 9
Bulgaria             : 9
Australia            : 9
Malaysia             : 8
Greece               : 8
Ukraine              : 8
India                : 8
Thailand             : 7
Portugal             : 7
Mexico               : 6
China                : 6
Estonia              : 6
Kazakhstan           : 5
Colombia             : 4
Denmark              : 4
Luxembourg           : 4
South Africa         : 4
Norway               : 3
Philippines          : 3
Israel               : 3
Peru                 : 2
Albania              : 2
Iceland              : 2
Costa Rica           : 2
Nigeria              : 2
North Macedonia      : 2
Chile                : 2
Slovenia             : 2
Slovakia             : 1
Serbia               : 1
Indonesia            : 1
Macao                : 1
Armenia              : 1
Bahrain              : 1

=== Server Type Summary ===
VLESS                : 7379
VMESS                : 2085
SS                   : 1845
TROJAN               : 985
WIREGUARD            : 104
HYSTERIA             : 71
WARP                 : 70
HYSTERIA2            : 45
TUIC                 : 3

=== Channel Statistics ===
v2rayngconfig       : 81
armodchannel        : 80
meli_v2rayng        : 53
kafing_2            : 50
shokhmiplus         : 50
vpnserverrr         : 50
disconnectedconfig  : 50
poroxybaz           : 50
vpnfail_v2ray       : 50
FarahVPN            : 50
gh_v2rayng          : 50
azarbayjab1         : 50
v2rayngrit          : 50
v2ray1_ng           : 50
configshub2         : 50
vmesskhodam         : 50
v2ray_free_conf     : 50
WedBaZvpn           : 50
Outline_Vpn         : 50
proxy_mtproto_vpns_free: 50
PrivateVPNs         : 50
orange_vpns         : 50
xvproxy             : 50
meli_proxyy         : 50
freewireguard       : 50
farahvpn            : 50
ConfigsHUB2         : 50
vpn_ioss            : 50
v2rayng32           : 50
V2aryng_vpn         : 50
v2pedia             : 50
hack_proxy          : 50
wedbazvpn           : 50
poroxybaz2          : 50
vistav2ray          : 50
NEW_MTProxi2        : 50
vmess_ir            : 50
v2rayng3            : 50
vmesc               : 50
v2aryng_vpn         : 50
Hope_Net            : 50
wxgmrjdcc           : 50
mehrosaboran        : 50
hope_net            : 50
new_mtproxi2        : 50
v2rayng33           : 50
fast_2ray           : 47
chv2raynp           : 46
kingofilter         : 45
chanel_v2ray_2      : 42
freeiranweb         : 41
V2rayNg_madam       : 41
v2rayng_madam       : 41
pr_guard            : 40
proxy_v2box         : 38
nepo_v2ray          : 38
sinavm              : 38
v2rayng14           : 38
vpngate_config      : 38
v2rayngfast         : 37
summertimeus        : 37
v2rayn2g            : 36
itv2ray             : 36
selinc              : 36
v2conf              : 36
yxjnode             : 36
novinology          : 36
v2ray_team          : 36
frev2rayng          : 35
irv2rey             : 35
v2rayproxy          : 35
Hope_Net2           : 34
v2rayng_account_free: 34
artemis_vpn_free    : 34
hope_net2           : 34
v2ray_n             : 34
config_proxy_ir     : 34
free1_vpn           : 33
mrv2raay            : 33
v2rayninja          : 33
vpnowl              : 32
v2ray_youtube       : 32
v2rng_free1         : 32
v2rayvpnclub        : 31
v2raying            : 31
iran_access         : 30
v_2rayng0           : 30
v2ray_free_conf2    : 30
alienvpn402         : 30
azad_intrnet        : 30
vpnvg               : 30
ir_netproxy         : 29
viturey             : 29
proxie              : 29
speedconfig00       : 28
mafiav2ray          : 28
hopev2ray           : 28
proxystore11        : 28
iran_mehr_vpn       : 27
ehsawn8             : 27
fastkanfig          : 26
wxgmrjdcc2          : 26
vpnfail_v2ray2      : 26
dailyv2ray          : 25
outline_oneclick1   : 25
hatunnel_vpn        : 25
v2ra_ng_iran        : 25
torang_vpn          : 25
V2ra_ng_iran        : 25
injectormconf       : 25
v2rayzone           : 25
vmessraygan         : 24
GrizzlyVPN          : 24
garnet_free         : 23
HuiGuo62            : 23
huiguo62            : 23
configshub22        : 22
vless1              : 22
sobi_vpn            : 22
vpneti              : 22
psiphonf            : 22
v2freenet           : 22
configforvpn        : 22
bestvpn4030         : 22
vpnfree6            : 22
vpnfreeo            : 21
uvpn_org            : 21
jiedianssr          : 21
jiuJieD             : 21
jiujied             : 21
v2rayngc            : 21
v2rayng_n2          : 21
xnxv2ray            : 21
v2rayng_1378        : 21
jiedianf            : 21
v2raybaz            : 21
jiedianF            : 21
v2rayngb            : 21
v2hamid             : 21
v2rayweb            : 20
ConfigsHUB22        : 20
vipoutline          : 20
free_vpn_for_all_of_us: 20
farahvpn2           : 19
v2range             : 19
mahanfix            : 19
v2rayngvpnn         : 19
tehron98            : 19
FarahVPN2           : 19
starconfigs1        : 19
lockey_vpn          : 18
cryptoguardvpn      : 18
v2rayngv            : 18
digiv2ray23         : 18
mtpv2ray            : 18
v2ryng0             : 18
vpn_v2ra_ng         : 18
vpidiamond          : 18
hack_proxy2         : 18
mrclud              : 18
freevpn3327         : 18
realvpnmaster       : 17
v2rayvmess          : 17
v2rayng20000000     : 17
v2rayngconfings     : 17
v2ray_iran88        : 17
v2rayy_vpn13        : 17
freedom_config      : 16
parsv2ray1          : 16
v2rayngrit2         : 16
Gozargah_Azadi      : 16
v2ryngfree          : 16
khoneproxy          : 16
world_vmess         : 16
Outline_Vpn2        : 16
v2rayngvp           : 16
v2rayngconfiig      : 16
golestan_vpn        : 16
V2rayngim           : 15
v2rayngim           : 15
vmess_iran          : 15
v2rayng_147         : 15
customv2ray         : 15
free_vip3           : 14
configt             : 14
NoForcedHeaven      : 14
v2raynselling       : 14
darkma3ter24        : 14
v2rayngvvpn         : 14
royal_shop87        : 14
vpn_ioss2           : 14
vmessiranproxy      : 14
v2rayo7ybv67i76     : 14
buffalo_vpn         : 14
shconfig            : 13
shadowsocksservers  : 13
v2rayngfiree        : 13
bpjzx2              : 13
poroxybaz3          : 13
net_azad_1          : 13
orange_vpns2        : 13
mtpproxy0098        : 13
bemolatext          : 13
Ahmedhamoomi_Servers: 13
rk_filtershking     : 13
iranservers_official: 13
kopltall_vpn        : 13
icloudyshop         : 13
v2rez               : 13
univstar            : 12
teamvpnpro          : 12
bluevpn_v2ray       : 12
vpnv2rayonline      : 11
v2rayservere        : 11
v2rayspeed          : 11
vmesc2              : 11
shokhmiplus2        : 11
maxvpnc             : 10
v2graphy            : 10
aryoovpn            : 10
REDFREE8            : 10
v2rayvx             : 10
ammar_taraz         : 10
lazarus2050         : 10
freev2rayi          : 10
maradona_vpn        : 10
vpn_v2ray_v2        : 10
v2ray_sub           : 10
narcod_ping         : 10
noviin_tel          : 10
payam_nsi           : 10
next_serverpanel    : 10
exoping             : 9
vmess_ir2           : 9
xrayzxn             : 9
iranbfilter         : 9
thevictorvpn        : 9
v2ray_reality_new   : 9
v2ray_vpna          : 9
VipFastSpeed        : 9
anix_v2ray          : 8
mr_vpn123           : 8
v2rray_ng           : 8
vpncostume          : 8
goodbyefiltering    : 8
proxy_emperor       : 8
lion_channel_vpn2   : 8
iransoftware90      : 8
uvpnir              : 8
yaney_01            : 8
nn_vpn              : 8
trand_farsi         : 8
mahdivpn2           : 8
vpnplus100          : 8
vpray3              : 8
proxy_mtproto_vpns_free2: 8
vpncaneel           : 7
tmno1vpn            : 7
v2net_iran          : 7
v2rayng_lion        : 7
v2rayang201         : 7
vipv2rayvip         : 7
v2ray4win           : 7
v2raynz             : 7
sajad_titan_s_t_n_v2ray: 7
v2raybe             : 7
vip_freevpn1        : 7
hootvpm             : 7
freakconfig2        : 7
v2shop2             : 7
bomb_v2rayngy       : 7
netspeedservice     : 7
v2rayvl             : 7
v2ra2               : 7
netazadchannel      : 7
tov2rayy            : 7
tawanaclub          : 6
freeconfigvpns      : 6
free_nettm          : 6
filtershkan2        : 6
vpnia1              : 6
vmessx              : 6
fati_ffx            : 6
star_hack_100       : 6
freevpnchina        : 6
private_access_guard_vpn: 6
ponv2ray            : 6
filtershekan_channel: 6
artemisvpn1         : 6
custom_config       : 6
v2ray_vemo          : 6
persian_proxy6      : 6
proxy_kafee         : 5
meli_proxyy2        : 5
WedBaZvpn2          : 5
freeshadowsock      : 5
mrvpn1403           : 5
new_mtproxi22       : 5
wedbazvpn2          : 5
turbov2r            : 5
vpnservergprc       : 5
mi_pn_official      : 5
freevv2rayng        : 5
NEW_MTProxi22       : 5
hot_v2ry            : 5
v2rayng_ge          : 5
outline_kod         : 5
hormozvpn           : 5
freevmess           : 5
configsstore        : 5
janusvpn            : 5
V2aryng_vpn2        : 4
atovpn              : 4
top2rayy            : 4
V2rayHup            : 4
merdesert           : 4
vpnzamin            : 4
qafor_1             : 4
v2rayp1             : 4
v2raytel            : 4
khalaa_vpn          : 4
ir_config_an        : 4
v2ray_fd            : 4
castom_v2ray        : 4
nitroserver_ir      : 4
javid_iran_vpn      : 4
v2raymastermind     : 4
hiddify_f           : 4
v2aryng_vpn2        : 4
azarbayjab12        : 4
jetupnet            : 4
v_2ray1             : 4
vpnserverrr2        : 4
azure_v2less        : 4
v2ray1_ng2          : 3
phiilshekn          : 3
sevenvpnchannel     : 3
ntgreenplus         : 3
goldenvpn_v2rayy    : 3
PrivateVPNs2        : 3
vpnpopular2023      : 3
xvproxy2            : 3
filter5050          : 3
fasst_vpn           : 3
dailytek            : 3
fnet00              : 3
shadowsocksserv     : 3
vipnetmeli          : 3
alo_v2rayng         : 2
v2rayng_13          : 2
mood_tarinhaa       : 2
vpnkafing           : 2
gh_v2rayng2         : 2
vpnconfignet        : 2
freeconfing         : 2
kesslervpn          : 2
napsterntvtm        : 2
v2ray_donya         : 2
vmesskhodam2        : 2
freev2rays          : 2
proxy_kuto          : 2
vpn_ocean           : 2
otana_vpn           : 2
vpn4ir_1            : 2
freevlessvpn        : 2
sinamobail          : 2
Ln2Ray              : 2
server444           : 2
drvpn_net           : 2
shadowsocksshop     : 2
vpnradin            : 1
tehranargo1         : 1
vistav2ray2         : 1
jd_vpn              : 1
V2ray_market11      : 1
vpnv2rayng90        : 1
v2rayping           : 1
mehrosaboran2       : 1
v22rayngg           : 1
freewireguard2      : 1
V2Ray_Market11      : 1
v2pedia2            : 1
xivpn               : 1
tongtiange          : 1
idigitalz           : 1
heinuhome           : 1
kafing_22           : 1
